app/build/outputs/mapping/release/seeds.txt
com.wiyadama.expensetracker.data.database.WiyadamaDatabase
com.wiyadama.expensetracker.data.database.WiyadamaDatabase_Impl
com.wiyadama.expensetracker.data.entity.Member
com.wiyadama.expensetracker.data.backup.BackupWorker
com.wiyadama.expensetracker.MainActivity
com.wiyadama.expensetracker.data.entity.Transaction
com.wiyadama.expensetracker.data.entity.BackupMeta
com.wiyadama.expensetracker.WiyadamaApplication
com.wiyadama.expensetracker.data.entity.Shop
com.wiyadama.expensetracker.data.entity.Category
com.wiyadama.expensetracker.WiyadamaApplication_GeneratedInjector
com.wiyadama.expensetracker.MainActivity_GeneratedInjector
com.wiyadama.expensetracker.data.entity.BackupMeta: long id
com.wiyadama.expensetracker.data.entity.Shop: long id
com.wiyadama.expensetracker.data.entity.Transaction: int revision
com.wiyadama.expensetracker.data.entity.Transaction: java.lang.Long memberId
com.wiyadama.expensetracker.data.entity.Transaction: long updatedAt
com.wiyadama.expensetracker.data.entity.Member: java.lang.String phone
com.wiyadama.expensetracker.data.entity.Category: boolean requiresMember
com.wiyadama.expensetracker.data.entity.Category: java.lang.Long parentId
com.wiyadama.expensetracker.data.entity.Member: long createdAt
com.wiyadama.expensetracker.data.entity.Category: long updatedAt
com.wiyadama.expensetracker.data.entity.Shop: long updatedAt
com.wiyadama.expensetracker.data.entity.BackupMeta: java.lang.String type
com.wiyadama.expensetracker.data.entity.BackupMeta: int $stable
com.wiyadama.expensetracker.data.entity.Transaction: int amountCents
com.wiyadama.expensetracker.data.entity.Transaction: long dateTime
com.wiyadama.expensetracker.data.entity.Category: int sortOrder
com.wiyadama.expensetracker.data.entity.Member: java.lang.String name
com.wiyadama.expensetracker.data.entity.Category: boolean isSystem
com.wiyadama.expensetracker.data.entity.Member: java.lang.Integer color
com.wiyadama.expensetracker.data.entity.BackupMeta: java.lang.String appVersion
com.wiyadama.expensetracker.data.entity.Category: int color
com.wiyadama.expensetracker.data.entity.BackupMeta: long size
com.wiyadama.expensetracker.data.entity.Member: long id
com.wiyadama.expensetracker.data.entity.BackupMeta: long createdAt
com.wiyadama.expensetracker.data.entity.Transaction: long id
com.wiyadama.expensetracker.data.entity.Transaction: java.lang.Long deletedAt
com.wiyadama.expensetracker.data.entity.Category: long id
com.wiyadama.expensetracker.data.entity.Transaction: java.lang.String notes
com.wiyadama.expensetracker.data.entity.Transaction: long createdAt
com.wiyadama.expensetracker.data.entity.Shop: java.lang.String name
com.wiyadama.expensetracker.data.entity.Transaction: int $stable
com.wiyadama.expensetracker.data.entity.Member: java.lang.String email
com.wiyadama.expensetracker.data.entity.Shop: java.lang.String address
com.wiyadama.expensetracker.data.entity.BackupMeta: int schemaVersion
com.wiyadama.expensetracker.data.entity.Transaction: long categoryId
com.wiyadama.expensetracker.data.entity.Transaction: java.lang.String paymentMethod
com.wiyadama.expensetracker.data.entity.Shop: long createdAt
com.wiyadama.expensetracker.data.entity.Member: long updatedAt
com.wiyadama.expensetracker.data.entity.Category: long createdAt
com.wiyadama.expensetracker.data.entity.BackupMeta: java.lang.String path
com.wiyadama.expensetracker.data.entity.Shop: int $stable
com.wiyadama.expensetracker.data.entity.Transaction: java.lang.String currency
com.wiyadama.expensetracker.data.entity.Transaction: java.lang.String merchantName
com.wiyadama.expensetracker.data.entity.BackupMeta: java.lang.String checksum
com.wiyadama.expensetracker.data.entity.Member: int $stable
com.wiyadama.expensetracker.data.entity.Category: java.lang.String name
com.wiyadama.expensetracker.data.entity.Category: int $stable
com.wiyadama.expensetracker.data.entity.Shop: long lastUsedAt
com.wiyadama.expensetracker.data.entity.Transaction: java.lang.Long shopId
...
androidx.appcompat.widget.ActionBarContainer: void setSplitBackground(android.graphics.drawable.Drawable)
androidx.core.view.ViewCompat$Api23Impl: void setScrollIndicators(android.view.View,int,int)
androidx.core.view.MenuItemCompat$Api26Impl: java.lang.CharSequence getTooltipText(android.view.MenuItem)
androidx.core.view.ViewCompat$Api21Impl: void setZ(android.view.View,float)
dagger.hilt.android.internal.managers.ViewComponentManager$FragmentContextWrapper: ViewComponentManager$FragmentContextWrapper(android.content.Context,androidx.fragment.app.Fragment)
androidx.core.os.UserManagerCompat$Api24Impl: boolean isUserUnlocked(android.content.Context)
androidx.compose.ui.platform.Api29Impl: int getRecommendedTimeoutMillis(android.view.accessibility.AccessibilityManager,int,int)
androidx.core.view.ViewCompat$Api17Impl: void setLayerPaint(android.view.View,android.graphics.Paint)
dagger.hilt.InstallIn: java.lang.Class[] value()
androidx.core.view.MenuItemCompat$Api26Impl: android.view.MenuItem setShortcut(android.view.MenuItem,char,char,int,int)
androidx.appcompat.widget.Toolbar: android.graphics.drawable.Drawable getNavigationIcon()
androidx.compose.ui.platform.AndroidComposeViewForceDarkModeQ: void disallowForceDark(android.view.View)
androidx.lifecycle.ProcessLifecycleOwner$attach$1: void onActivityPaused(android.app.Activity)
androidx.appcompat.widget.SearchView: void setMaxWidth(int)
dagger.hilt.android.internal.lifecycle.DefaultViewModelFactories$InternalFactoryFactory: DefaultViewModelFactories$InternalFactoryFactory(java.util.Map,dagger.hilt.android.internal.builders.ViewModelComponentBuilder)
androidx.core.view.MenuItemCompat$Api26Impl: android.view.MenuItem setIconTintList(android.view.MenuItem,android.content.res.ColorStateList)
dagger.hilt.processor.internal.generatesrootinput.codegen.dagger_hilt_InstallIn: dagger_hilt_InstallIn()
androidx.compose.foundation.text.selection.SelectionHandleAnchor: androidx.compose.foundation.text.selection.SelectionHandleAnchor valueOf(java.lang.String)
dagger.hilt.internal.componenttreedeps.ComponentTreeDeps: java.lang.Class[] defineComponentDeps()
androidx.compose.ui.platform.AndroidViewsHandler: java.util.HashMap getLayoutNodeToHolder()
androidx.core.text.ICUCompat$Api21Impl: java.lang.String getScript(java.util.Locale)
androidx.appcompat.widget.AppCompatTextView: int getLastBaselineToBottomHeight()
dagger.hilt.android.flags.FragmentGetContextFix$FragmentGetContextFixModule: FragmentGetContextFix$FragmentGetContextFixModule()
androidx.core.view.ViewCompat$Api21Impl: boolean dispatchNestedScroll(android.view.View,int,int,int,int,int[])
androidx.compose.ui.platform.AbstractComposeView: boolean getHasComposition()
androidx.core.view.ViewCompat$Api21Impl: boolean startNestedScroll(android.view.View,int)
androidx.compose.ui.node.LayoutNode$LayoutState: androidx.compose.ui.node.LayoutNode$LayoutState[] values()
androidx.appcompat.widget.AppCompatTextView: android.graphics.PorterDuff$Mode getSupportBackgroundTintMode()
androidx.appcompat.widget.LinearLayoutCompat: void setShowDividers(int)
androidx.appcompat.widget.SearchView: void setOnSearchClickListener(android.view.View$OnClickListener)
dagger.hilt.android.internal.managers.ActivityRetainedComponentManager$1: androidx.lifecycle.ViewModel create(java.lang.Class)
androidx.compose.ui.autofill.AutofillCallback: void unregister(androidx.compose.ui.autofill.AndroidAutofill)
dagger.hilt.android.internal.lifecycle.DefaultViewModelFactories_InternalFactoryFactory_Factory: DefaultViewModelFactories_InternalFactoryFactory_Factory(javax.inject.Provider,javax.inject.Provider)
androidx.core.view.ViewCompat$Api21Impl: androidx.core.view.WindowInsetsCompat computeSystemWindowInsets(android.view.View,androidx.core.view.WindowInsetsCompat,android.graphics.Rect)
androidx.vectordrawable.graphics.drawable.VectorDrawableCompat$VGroup: float getTranslateX()